<?xml version="1.0" encoding="UTF-8"?>
<testng-results skipped="0" failed="0" ignored="0" total="1" passed="1">
  <reporter-output>
  </reporter-output>
  <suite name="Gradle suite" duration-ms="159" started-at="2022-05-03T20:02:03 IST" finished-at="2022-05-03T20:02:03 IST">
    <groups>
      <group name="regression">
        <method signature="ValidateLogin.verifySingIn()[pri:0, instance:ValidateLogin@597ab1cc]" name="verifySingIn" class="ValidateLogin"/>
      </group> <!-- regression -->
    </groups>
    <test name="Gradle test" duration-ms="159" started-at="2022-05-03T20:02:03 IST" finished-at="2022-05-03T20:02:03 IST">
      <class name="ValidateLogin">
        <test-method status="PASS" signature="check()[pri:0, instance:ValidateLogin@597ab1cc]" name="check" duration-ms="95" started-at="2022-05-03T20:02:03 IST" finished-at="2022-05-03T20:02:03 IST">
          <reporter-output>
          </reporter-output>
        </test-method> <!-- check -->
      </class> <!-- ValidateLogin -->
    </test> <!-- Gradle test -->
  </suite> <!-- Gradle suite -->
</testng-results>
